[2019-10-15 10:23:58,642] multiqc                                            [DEBUG  ]  No MultiQC config found: /ceph/software/conda/envs/main_env/lib/python3.6/site-packages/multiqc_config.yaml
[2019-10-15 10:23:58,643] multiqc                                            [DEBUG  ]  No MultiQC config found: /ceph/users/afilia/.multiqc_config.yaml
[2019-10-15 10:23:58,643] multiqc                                            [DEBUG  ]  No MultiQC config found: multiqc_config.yaml
[2019-10-15 10:23:58,643] multiqc                                            [DEBUG  ]  Command used: /ceph/software/conda/envs/main_env/bin/multiqc .
[2019-10-15 10:23:59,788] multiqc                                            [WARNING]  MultiQC Version v1.7 now available!
[2019-10-15 10:23:59,788] multiqc                                            [INFO   ]  This is MultiQC v1.5.dev0
[2019-10-15 10:23:59,789] multiqc                                            [DEBUG  ]  Command     : /ceph/software/conda/envs/main_env/bin/multiqc .
[2019-10-15 10:23:59,789] multiqc                                            [DEBUG  ]  Working dir : /data/ross/mealybugs/analyses/B_viburni_andres/2_short_read_DNA_seq/0_reads
[2019-10-15 10:23:59,789] multiqc                                            [INFO   ]  Template    : default
[2019-10-15 10:23:59,789] multiqc                                            [INFO   ]  Searching '.'
[2019-10-15 10:23:59,789] multiqc                                            [DEBUG  ]  Analysing modules: afterqc, custom_content, conpair, peddy, methylQA, qualimap, preseq, quast, qorts, rna_seqc, rsem, rseqc, busco, goleft_indexcov, disambiguate, supernova, deeptools, sargasso, verifybamid, homer, macs2, theta2, snpeff, gatk, htseq, bcftools, featureCounts, picard, prokka, samblaster, samtools, bamtools, jellyfish, vcftools, bbmap, bismark, hicexplorer, hicup, salmon, kallisto, slamdunk, star, hisat2, tophat, bowtie2, bowtie1, leehom, adapterRemoval, cutadapt, flexbar, trimmomatic, skewer, sortmerna, biobloomtools, fastq_screen, fastqc, clusterflow, bcl2fastq, interop
[2019-10-15 10:23:59,789] multiqc                                            [DEBUG  ]  Using temporary directory for creating report: /tmp/tmpr5p3ig3r
[2019-10-15 10:23:59,958] multiqc                                            [DEBUG  ]  Ignoring file as matched an ignore pattern: PV_18-13.Illumina.550.trimmed_1.fq.gz
[2019-10-15 10:23:59,988] multiqc                                            [DEBUG  ]  Ignoring file as matched an ignore pattern: 180608_A00291_0042_BH3CC3DRXX_2_11372RL0002L01_1_fastqc.html
[2019-10-15 10:23:59,989] multiqc                                            [DEBUG  ]  Ignoring file as matched an ignore pattern: 180608_A00291_0042_BH3CC3DRXX_2_11372RL0001L01_1.fastq.gz
[2019-10-15 10:23:59,989] multiqc                                            [DEBUG  ]  Ignoring file as matched an ignore pattern: 180608_A00291_0042_BH3CC3DRXX_2_11372RL0001L01_1_fastqc.html
[2019-10-15 10:23:59,990] multiqc                                            [DEBUG  ]  Ignoring file as matched an ignore pattern: PV_18-13.Illumina.350.trimmed_1.fq.gz
[2019-10-15 10:23:59,990] multiqc                                            [DEBUG  ]  Ignoring file as matched an ignore pattern: PV_18-13.Illumina.550.trimmed_2_fastqc.html
[2019-10-15 10:24:00,040] multiqc                                            [DEBUG  ]  Ignoring file as matched an ignore pattern: PV_18-13.Illumina.350.trimmed_2.fq.gz
[2019-10-15 10:24:00,040] multiqc                                            [DEBUG  ]  Ignoring file as matched an ignore pattern: PV_18-13.Illumina.350.trimmed_1_fastqc.html
[2019-10-15 10:24:00,041] multiqc                                            [DEBUG  ]  Ignoring file as matched an ignore pattern: 180608_A00291_0042_BH3CC3DRXX_2_11372RL0002L01_2.fastq.gz
[2019-10-15 10:24:00,041] multiqc                                            [DEBUG  ]  Ignoring file as matched an ignore pattern: PV_18-13.Illumina.550.trimmed_2.fq.gz
[2019-10-15 10:24:00,042] multiqc                                            [DEBUG  ]  Ignoring file as matched an ignore pattern: fastp.html
[2019-10-15 10:24:00,042] multiqc                                            [DEBUG  ]  Ignoring file as matched an ignore pattern: PV_18-13.Illumina.350.trimmed_2_fastqc.html
[2019-10-15 10:24:00,042] multiqc                                            [DEBUG  ]  Ignoring file as matched an ignore pattern: 180608_A00291_0042_BH3CC3DRXX_2_11372RL0002L01_1.fastq.gz
[2019-10-15 10:24:00,043] multiqc                                            [DEBUG  ]  Ignoring file as matched an ignore pattern: PV_18-13.Illumina.550.trimmed_1_fastqc.html
[2019-10-15 10:24:00,043] multiqc                                            [DEBUG  ]  Ignoring file as matched an ignore pattern: 180608_A00291_0042_BH3CC3DRXX_2_11372RL0001L01_2_fastqc.html
[2019-10-15 10:24:00,077] multiqc                                            [DEBUG  ]  Ignoring file as matched an ignore pattern: 180608_A00291_0042_BH3CC3DRXX_2_11372RL0002L01_2_fastqc.html
[2019-10-15 10:24:00,077] multiqc                                            [DEBUG  ]  Ignoring file as matched an ignore pattern: 180608_A00291_0042_BH3CC3DRXX_2_11372RL0001L01_2.fastq.gz
[2019-10-15 10:24:00,833] multiqc                                            [DEBUG  ]  No samples found: afterqc
[2019-10-15 10:24:00,841] multiqc                                            [DEBUG  ]  No samples found: custom_content
[2019-10-15 10:24:00,846] multiqc                                            [DEBUG  ]  No samples found: conpair
[2019-10-15 10:24:00,860] multiqc                                            [DEBUG  ]  No samples found: peddy
[2019-10-15 10:24:00,864] multiqc                                            [DEBUG  ]  No samples found: methylQA
[2019-10-15 10:24:00,880] multiqc                                            [DEBUG  ]  No samples found: qualimap
[2019-10-15 10:24:00,885] multiqc                                            [DEBUG  ]  No samples found: preseq
[2019-10-15 10:24:00,890] multiqc                                            [DEBUG  ]  No samples found: quast
[2019-10-15 10:24:00,895] multiqc                                            [DEBUG  ]  No samples found: qorts
[2019-10-15 10:24:00,901] multiqc                                            [DEBUG  ]  No samples found: rna_seqc
[2019-10-15 10:24:00,906] multiqc                                            [DEBUG  ]  No samples found: rsem
[2019-10-15 10:24:00,918] multiqc                                            [DEBUG  ]  No samples found: rseqc
[2019-10-15 10:24:00,923] multiqc                                            [DEBUG  ]  No samples found: busco
[2019-10-15 10:24:00,928] multiqc                                            [DEBUG  ]  No samples found: goleft_indexcov
[2019-10-15 10:24:00,933] multiqc                                            [DEBUG  ]  No samples found: disambiguate
[2019-10-15 10:24:00,938] multiqc                                            [DEBUG  ]  No samples found: supernova
[2019-10-15 10:24:00,946] multiqc                                            [DEBUG  ]  No samples found: deeptools
[2019-10-15 10:24:00,952] multiqc                                            [DEBUG  ]  No samples found: sargasso
[2019-10-15 10:24:00,957] multiqc                                            [DEBUG  ]  No samples found: verifybamid
[2019-10-15 10:24:00,977] multiqc                                            [DEBUG  ]  No samples found: homer
[2019-10-15 10:24:00,982] multiqc                                            [DEBUG  ]  No samples found: macs2
[2019-10-15 10:24:00,987] multiqc                                            [DEBUG  ]  No samples found: theta2
[2019-10-15 10:24:00,992] multiqc                                            [DEBUG  ]  No samples found: snpeff
[2019-10-15 10:24:00,999] multiqc                                            [DEBUG  ]  No samples found: gatk
[2019-10-15 10:24:01,004] multiqc                                            [DEBUG  ]  No samples found: htseq
[2019-10-15 10:24:01,010] multiqc                                            [DEBUG  ]  No samples found: bcftools
[2019-10-15 10:24:01,015] multiqc                                            [DEBUG  ]  No samples found: featureCounts
[2019-10-15 10:24:01,028] multiqc                                            [DEBUG  ]  No samples found: picard
[2019-10-15 10:24:01,032] multiqc                                            [DEBUG  ]  No samples found: prokka
[2019-10-15 10:24:01,037] multiqc                                            [DEBUG  ]  No samples found: samblaster
[2019-10-15 10:24:01,054] multiqc                                            [DEBUG  ]  No samples found: samtools
[2019-10-15 10:24:01,059] multiqc                                            [DEBUG  ]  No samples found: bamtools
[2019-10-15 10:24:01,065] multiqc                                            [DEBUG  ]  No samples found: jellyfish
[2019-10-15 10:24:01,079] multiqc                                            [DEBUG  ]  No samples found: vcftools
[2019-10-15 10:24:01,092] multiqc                                            [DEBUG  ]  No samples found: bbmap
[2019-10-15 10:24:01,097] multiqc                                            [DEBUG  ]  No samples found: bismark
[2019-10-15 10:24:01,102] multiqc                                            [DEBUG  ]  No samples found: hicexplorer
[2019-10-15 10:24:01,107] multiqc                                            [DEBUG  ]  No samples found: hicup
[2019-10-15 10:24:01,111] multiqc                                            [DEBUG  ]  No samples found: salmon
[2019-10-15 10:24:01,116] multiqc                                            [DEBUG  ]  No samples found: kallisto
[2019-10-15 10:24:01,122] multiqc                                            [DEBUG  ]  No samples found: slamdunk
[2019-10-15 10:24:01,126] multiqc                                            [DEBUG  ]  No samples found: star
[2019-10-15 10:24:01,134] multiqc                                            [DEBUG  ]  No samples found: hisat2
[2019-10-15 10:24:01,139] multiqc                                            [DEBUG  ]  No samples found: tophat
[2019-10-15 10:24:01,144] multiqc                                            [DEBUG  ]  No samples found: bowtie2
[2019-10-15 10:24:01,148] multiqc                                            [DEBUG  ]  No samples found: bowtie1
[2019-10-15 10:24:01,153] multiqc                                            [DEBUG  ]  No samples found: leehom
[2019-10-15 10:24:01,158] multiqc                                            [DEBUG  ]  No samples found: adapterRemoval
[2019-10-15 10:24:01,163] multiqc                                            [DEBUG  ]  No samples found: cutadapt
[2019-10-15 10:24:01,168] multiqc                                            [DEBUG  ]  No samples found: flexbar
[2019-10-15 10:24:01,183] multiqc                                            [DEBUG  ]  No samples found: trimmomatic
[2019-10-15 10:24:01,188] multiqc                                            [DEBUG  ]  No samples found: skewer
[2019-10-15 10:24:01,193] multiqc                                            [DEBUG  ]  No samples found: sortmerna
[2019-10-15 10:24:01,198] multiqc                                            [DEBUG  ]  No samples found: biobloomtools
[2019-10-15 10:24:01,203] multiqc                                            [DEBUG  ]  No samples found: fastq_screen
[2019-10-15 10:24:03,432] multiqc.modules.fastqc.fastqc                      [INFO   ]  Found 8 reports
[2019-10-15 10:24:04,384] multiqc                                            [DEBUG  ]  No samples found: clusterflow
[2019-10-15 10:24:04,391] multiqc                                            [DEBUG  ]  No samples found: bcl2fastq
[2019-10-15 10:24:04,396] multiqc                                            [DEBUG  ]  No samples found: interop
[2019-10-15 10:24:04,408] multiqc                                            [INFO   ]  Compressing plot data
[2019-10-15 10:24:04,768] multiqc                                            [INFO   ]  Report      : multiqc_report.html
[2019-10-15 10:24:04,768] multiqc                                            [INFO   ]  Data        : multiqc_data
[2019-10-15 10:24:04,769] multiqc                                            [DEBUG  ]  Moving data file from '/tmp/tmpr5p3ig3r/multiqc_data/multiqc_data.json' to '/data/ross/mealybugs/analyses/B_viburni_andres/2_short_read_DNA_seq/0_reads/multiqc_data'
[2019-10-15 10:24:04,786] multiqc                                            [DEBUG  ]  Moving data file from '/tmp/tmpr5p3ig3r/multiqc_data/multiqc_general_stats.txt' to '/data/ross/mealybugs/analyses/B_viburni_andres/2_short_read_DNA_seq/0_reads/multiqc_data'
[2019-10-15 10:24:04,789] multiqc                                            [DEBUG  ]  Moving data file from '/tmp/tmpr5p3ig3r/multiqc_data/multiqc_fastqc.txt' to '/data/ross/mealybugs/analyses/B_viburni_andres/2_short_read_DNA_seq/0_reads/multiqc_data'
[2019-10-15 10:24:04,792] multiqc                                            [DEBUG  ]  Moving data file from '/tmp/tmpr5p3ig3r/multiqc_data/multiqc_sources.txt' to '/data/ross/mealybugs/analyses/B_viburni_andres/2_short_read_DNA_seq/0_reads/multiqc_data'
[2019-10-15 10:24:05,011] multiqc                                            [INFO   ]  MultiQC complete
